  [1m[35m (42.4ms)[0m  [1m[35mCREATE TABLE "schema_migrations" ("version" character varying NOT NULL PRIMARY KEY)[0m
  [1m[35m (14.2ms)[0m  [1m[35mCREATE TABLE "ar_internal_metadata" ("key" character varying NOT NULL PRIMARY KEY, "value" character varying, "created_at" timestamp(6) NOT NULL, "updated_at" timestamp(6) NOT NULL)[0m
  [1m[35m (0.5ms)[0m  [1m[34mSELECT pg_try_advisory_lock(7878110171987094480)[0m
  [1m[36mActiveRecord::SchemaMigration Pluck (2.3ms)[0m  [1m[34mSELECT "schema_migrations"."version" FROM "schema_migrations" ORDER BY "schema_migrations"."version" ASC[0m
Migrating to CreateUsers (20220315131220)
  [1m[36mTRANSACTION (0.4ms)[0m  [1m[35mBEGIN[0m
  [1m[35m (17.7ms)[0m  [1m[35mCREATE TABLE "users" ("id" bigserial primary key, "email" character varying, "password_digest" character varying, "created_at" timestamp(6) NOT NULL, "updated_at" timestamp(6) NOT NULL)[0m
  [1m[36mActiveRecord::SchemaMigration Create (1.8ms)[0m  [1m[32mINSERT INTO "schema_migrations" ("version") VALUES ($1) RETURNING "version"[0m  [["version", "20220315131220"]]
  [1m[36mTRANSACTION (0.9ms)[0m  [1m[35mCOMMIT[0m
Migrating to CreateAddresses (20220315132603)
  [1m[36mTRANSACTION (0.6ms)[0m  [1m[35mBEGIN[0m
  [1m[35m (17.6ms)[0m  [1m[35mCREATE TABLE "addresses" ("id" bigserial primary key, "city" character varying, "district" character varying, "town" character varying, "description" character varying, "price" integer, "phone_number" character varying, "user_id" bigint NOT NULL, "created_at" timestamp(6) NOT NULL, "updated_at" timestamp(6) NOT NULL, CONSTRAINT "fk_rails_48c9e0c5a2"
FOREIGN KEY ("user_id")
  REFERENCES "users" ("id")
)[0m
  [1m[35m (4.3ms)[0m  [1m[35mCREATE INDEX "index_addresses_on_user_id" ON "addresses" ("user_id")[0m
  [1m[36mActiveRecord::SchemaMigration Create (0.6ms)[0m  [1m[32mINSERT INTO "schema_migrations" ("version") VALUES ($1) RETURNING "version"[0m  [["version", "20220315132603"]]
  [1m[36mTRANSACTION (0.8ms)[0m  [1m[35mCOMMIT[0m
Migrating to CreateProducts (20220316050629)
  [1m[36mTRANSACTION (0.5ms)[0m  [1m[35mBEGIN[0m
  [1m[35m (13.0ms)[0m  [1m[35mCREATE TABLE "products" ("id" bigserial primary key, "name" character varying, "image" character varying[], "description" character varying, "price" integer, "third_party" character varying, "color" character varying, "size" character varying, "overview" character varying, "type" character varying, "created_at" timestamp(6) NOT NULL, "updated_at" timestamp(6) NOT NULL)[0m
  [1m[36mActiveRecord::SchemaMigration Create (0.6ms)[0m  [1m[32mINSERT INTO "schema_migrations" ("version") VALUES ($1) RETURNING "version"[0m  [["version", "20220316050629"]]
  [1m[36mTRANSACTION (0.8ms)[0m  [1m[35mCOMMIT[0m
Migrating to CreateRatings (20220316131636)
  [1m[36mTRANSACTION (0.5ms)[0m  [1m[35mBEGIN[0m
  [1m[35m (11.6ms)[0m  [1m[35mCREATE TABLE "ratings" ("id" bigserial primary key, "title" character varying, "user_id" bigint NOT NULL, "product_id" bigint NOT NULL, "description" character varying, "image" character varying[], "video" character varying[], "type" character varying, "star" integer, "created_at" timestamp(6) NOT NULL, "updated_at" timestamp(6) NOT NULL, CONSTRAINT "fk_rails_a7dfeb9f5f"
FOREIGN KEY ("user_id")
  REFERENCES "users" ("id")
, CONSTRAINT "fk_rails_f846e598a7"
FOREIGN KEY ("product_id")
  REFERENCES "products" ("id")
)[0m
  [1m[35m (3.2ms)[0m  [1m[35mCREATE INDEX "index_ratings_on_user_id" ON "ratings" ("user_id")[0m
  [1m[35m (2.9ms)[0m  [1m[35mCREATE INDEX "index_ratings_on_product_id" ON "ratings" ("product_id")[0m
  [1m[36mActiveRecord::SchemaMigration Create (0.4ms)[0m  [1m[32mINSERT INTO "schema_migrations" ("version") VALUES ($1) RETURNING "version"[0m  [["version", "20220316131636"]]
  [1m[36mTRANSACTION (0.5ms)[0m  [1m[35mCOMMIT[0m
Migrating to RenameTypeToCategory (20220316133802)
  [1m[36mTRANSACTION (0.6ms)[0m  [1m[35mBEGIN[0m
  [1m[35m (0.4ms)[0m  [1m[35mALTER TABLE "products" RENAME COLUMN "type" TO "category"[0m
  [1m[35m (0.4ms)[0m  [1m[35mALTER TABLE "ratings" RENAME COLUMN "type" TO "category"[0m
  [1m[36mActiveRecord::SchemaMigration Create (0.4ms)[0m  [1m[32mINSERT INTO "schema_migrations" ("version") VALUES ($1) RETURNING "version"[0m  [["version", "20220316133802"]]
  [1m[36mTRANSACTION (0.4ms)[0m  [1m[35mCOMMIT[0m
Migrating to ChangeProductOverview (20220319170533)
  [1m[36mTRANSACTION (0.2ms)[0m  [1m[35mBEGIN[0m
  [1m[35m (9.1ms)[0m  [1m[35mALTER TABLE "products" ALTER COLUMN "overview" TYPE text[] USING CAST(overview AS text[])[0m
  [1m[36mActiveRecord::SchemaMigration Create (0.3ms)[0m  [1m[32mINSERT INTO "schema_migrations" ("version") VALUES ($1) RETURNING "version"[0m  [["version", "20220319170533"]]
  [1m[36mTRANSACTION (3.1ms)[0m  [1m[35mCOMMIT[0m
Migrating to AddIndexToProductOVerview (20220319173145)
  [1m[36mTRANSACTION (0.3ms)[0m  [1m[35mBEGIN[0m
  [1m[35m (2.4ms)[0m  [1m[35mCREATE INDEX "index_products_on_overview" ON "products" USING gin ("overview")[0m
  [1m[36mActiveRecord::SchemaMigration Create (0.5ms)[0m  [1m[32mINSERT INTO "schema_migrations" ("version") VALUES ($1) RETURNING "version"[0m  [["version", "20220319173145"]]
  [1m[36mTRANSACTION (0.6ms)[0m  [1m[35mCOMMIT[0m
Migrating to CreateOrders (20220320061428)
  [1m[36mTRANSACTION (0.4ms)[0m  [1m[35mBEGIN[0m
  [1m[35m (9.6ms)[0m  [1m[35mCREATE TABLE "orders" ("id" bigserial primary key, "user_id" bigint NOT NULL, "status" character varying, "total_price" integer, "description" character varying, "address" character varying, "created_at" timestamp(6) NOT NULL, "updated_at" timestamp(6) NOT NULL, CONSTRAINT "fk_rails_f868b47f6a"
FOREIGN KEY ("user_id")
  REFERENCES "users" ("id")
)[0m
  [1m[35m (3.5ms)[0m  [1m[35mCREATE INDEX "index_orders_on_user_id" ON "orders" ("user_id")[0m
  [1m[36mActiveRecord::SchemaMigration Create (0.5ms)[0m  [1m[32mINSERT INTO "schema_migrations" ("version") VALUES ($1) RETURNING "version"[0m  [["version", "20220320061428"]]
  [1m[36mTRANSACTION (0.9ms)[0m  [1m[35mCOMMIT[0m
Migrating to CreateOrdersProducts (20220320061607)
  [1m[36mTRANSACTION (0.4ms)[0m  [1m[35mBEGIN[0m
  [1m[35m (7.8ms)[0m  [1m[35mCREATE TABLE "orders_products" ("id" bigserial primary key, "order_id" bigint NOT NULL, "product_id" bigint NOT NULL, "created_at" timestamp(6) NOT NULL, "updated_at" timestamp(6) NOT NULL, CONSTRAINT "fk_rails_35083423df"
FOREIGN KEY ("order_id")
  REFERENCES "orders" ("id")
, CONSTRAINT "fk_rails_fc9f522293"
FOREIGN KEY ("product_id")
  REFERENCES "products" ("id")
)[0m
  [1m[35m (2.7ms)[0m  [1m[35mCREATE INDEX "index_orders_products_on_order_id" ON "orders_products" ("order_id")[0m
  [1m[35m (3.9ms)[0m  [1m[35mCREATE INDEX "index_orders_products_on_product_id" ON "orders_products" ("product_id")[0m
  [1m[36mActiveRecord::SchemaMigration Create (0.4ms)[0m  [1m[32mINSERT INTO "schema_migrations" ("version") VALUES ($1) RETURNING "version"[0m  [["version", "20220320061607"]]
  [1m[36mTRANSACTION (0.6ms)[0m  [1m[35mCOMMIT[0m
Migrating to RemoveRatingVideoColumn (20220320095323)
  [1m[36mTRANSACTION (0.7ms)[0m  [1m[35mBEGIN[0m
  [1m[35m (0.9ms)[0m  [1m[35mALTER TABLE "ratings" DROP COLUMN "video"[0m
  [1m[36mActiveRecord::SchemaMigration Create (0.6ms)[0m  [1m[32mINSERT INTO "schema_migrations" ("version") VALUES ($1) RETURNING "version"[0m  [["version", "20220320095323"]]
  [1m[36mTRANSACTION (0.7ms)[0m  [1m[35mCOMMIT[0m
Migrating to AddProductCustomDesignColumn (20220320095622)
  [1m[36mTRANSACTION (0.2ms)[0m  [1m[35mBEGIN[0m
  [1m[35m (0.5ms)[0m  [1m[35mALTER TABLE "products" ADD "custom_design" boolean DEFAULT FALSE[0m
  [1m[36mActiveRecord::SchemaMigration Create (0.3ms)[0m  [1m[32mINSERT INTO "schema_migrations" ("version") VALUES ($1) RETURNING "version"[0m  [["version", "20220320095622"]]
  [1m[36mTRANSACTION (0.5ms)[0m  [1m[35mCOMMIT[0m
  [1m[36mActiveRecord::InternalMetadata Load (1.3ms)[0m  [1m[34mSELECT "ar_internal_metadata".* FROM "ar_internal_metadata" WHERE "ar_internal_metadata"."key" = $1 LIMIT $2[0m  [["key", "environment"], ["LIMIT", 1]]
  [1m[36mTRANSACTION (0.3ms)[0m  [1m[35mBEGIN[0m
  [1m[36mActiveRecord::InternalMetadata Create (1.1ms)[0m  [1m[32mINSERT INTO "ar_internal_metadata" ("key", "value", "created_at", "updated_at") VALUES ($1, $2, $3, $4) RETURNING "key"[0m  [["key", "environment"], ["value", "development"], ["created_at", "2022-04-05 10:29:39.942040"], ["updated_at", "2022-04-05 10:29:39.942040"]]
  [1m[36mTRANSACTION (0.6ms)[0m  [1m[35mCOMMIT[0m
  [1m[35m (0.5ms)[0m  [1m[34mSELECT pg_advisory_unlock(7878110171987094480)[0m
  [1m[36mActiveRecord::SchemaMigration Pluck (1.6ms)[0m  [1m[34mSELECT "schema_migrations"."version" FROM "schema_migrations" ORDER BY "schema_migrations"."version" ASC[0m
